Copyright 1986-2018 Xilinx, Inc. All Rights Reserved.
-------------------------------------------------------------------------------------------------------------------------------------------------------------------------------------
| Tool Version     : Vivado v.2018.2 (lin64) Build 2258646 Thu Jun 14 20:02:38 MDT 2018
| Date             : Wed Aug 15 04:00:00 2018
| Host             : tingyuan-OptiPlex-9010 running 64-bit Ubuntu 18.04 LTS
| Command          : report_power -file zedboard_base_wrapper_power_routed.rpt -pb zedboard_base_wrapper_power_summary_routed.pb -rpx zedboard_base_wrapper_power_routed.rpx
| Design           : zedboard_base_wrapper
| Device           : xc7z020clg484-1
| Design State     : routed
| Grade            : commercial
| Process          : typical
| Characterization : Production
-------------------------------------------------------------------------------------------------------------------------------------------------------------------------------------

Power Report

Table of Contents
-----------------
1. Summary
1.1 On-Chip Components
1.2 Power Supply Summary
1.3 Confidence Level
2. Settings
2.1 Environment
2.2 Clock Constraints
3. Detailed Reports
3.1 By Hierarchy

1. Summary
----------

+--------------------------+--------------+
| Total On-Chip Power (W)  | 1.741        |
| Design Power Budget (W)  | Unspecified* |
| Power Budget Margin (W)  | NA           |
| Dynamic (W)              | 1.597        |
| Device Static (W)        | 0.144        |
| Effective TJA (C/W)      | 11.5         |
| Max Ambient (C)          | 64.9         |
| Junction Temperature (C) | 45.1         |
| Confidence Level         | Medium       |
| Setting File             | ---          |
| Simulation Activity File | ---          |
| Design Nets Matched      | NA           |
+--------------------------+--------------+
* Specify Design Power Budget using, set_operating_conditions -design_power_budget <value in Watts>


1.1 On-Chip Components
----------------------

+--------------------------+-----------+----------+-----------+-----------------+
| On-Chip                  | Power (W) | Used     | Available | Utilization (%) |
+--------------------------+-----------+----------+-----------+-----------------+
| Clocks                   |     0.018 |        3 |       --- |             --- |
| Slice Logic              |     0.011 |    10380 |       --- |             --- |
|   LUT as Logic           |     0.009 |     2953 |     53200 |            5.55 |
|   LUT as Distributed RAM |     0.001 |      382 |     17400 |            2.20 |
|   Register               |    <0.001 |     5007 |    106400 |            4.71 |
|   CARRY4                 |    <0.001 |      164 |     13300 |            1.23 |
|   LUT as Shift Register  |    <0.001 |      122 |     17400 |            0.70 |
|   F7/F8 Muxes            |    <0.001 |        1 |     53200 |           <0.01 |
|   Others                 |     0.000 |      474 |       --- |             --- |
| Signals                  |     0.013 |     6900 |       --- |             --- |
| Block RAM                |     0.021 |       14 |       140 |           10.00 |
| PS7                      |     1.533 |        1 |       --- |             --- |
| Static Power             |     0.144 |          |           |                 |
| Total                    |     1.741 |          |           |                 |
+--------------------------+-----------+----------+-----------+-----------------+


1.2 Power Supply Summary
------------------------

+-----------+-------------+-----------+-------------+------------+
| Source    | Voltage (V) | Total (A) | Dynamic (A) | Static (A) |
+-----------+-------------+-----------+-------------+------------+
| Vccint    |       1.000 |     0.078 |       0.062 |      0.016 |
| Vccaux    |       1.800 |     0.015 |       0.000 |      0.015 |
| Vcco33    |       3.300 |     0.000 |       0.000 |      0.000 |
| Vcco25    |       2.500 |     0.000 |       0.000 |      0.000 |
| Vcco18    |       1.800 |     0.000 |       0.000 |      0.000 |
| Vcco15    |       1.500 |     0.000 |       0.000 |      0.000 |
| Vcco135   |       1.350 |     0.000 |       0.000 |      0.000 |
| Vcco12    |       1.200 |     0.000 |       0.000 |      0.000 |
| Vccaux_io |       1.800 |     0.000 |       0.000 |      0.000 |
| Vccbram   |       1.000 |     0.003 |       0.001 |      0.002 |
| MGTAVcc   |       1.000 |     0.000 |       0.000 |      0.000 |
| MGTAVtt   |       1.200 |     0.000 |       0.000 |      0.000 |
| MGTVccaux |       1.800 |     0.000 |       0.000 |      0.000 |
| Vccpint   |       1.000 |     0.753 |       0.722 |      0.031 |
| Vccpaux   |       1.800 |     0.061 |       0.051 |      0.010 |
| Vccpll    |       1.800 |     0.017 |       0.014 |      0.003 |
| Vcco_ddr  |       1.500 |     0.459 |       0.457 |      0.002 |
| Vcco_mio0 |       3.300 |     0.003 |       0.002 |      0.001 |
| Vcco_mio1 |       1.800 |     0.003 |       0.002 |      0.001 |
| Vccadc    |       1.800 |     0.020 |       0.000 |      0.020 |
+-----------+-------------+-----------+-------------+------------+


1.3 Confidence Level
--------------------

+-----------------------------+------------+------------------------------------------------+------------------------------------------------------------------------------------------------------------+
| User Input Data             | Confidence | Details                                        | Action                                                                                                     |
+-----------------------------+------------+------------------------------------------------+------------------------------------------------------------------------------------------------------------+
| Design implementation state | High       | Design is routed                               |                                                                                                            |
| Clock nodes activity        | High       | User specified more than 95% of clocks         |                                                                                                            |
| I/O nodes activity          | High       | User specified more than 95% of inputs         |                                                                                                            |
| Internal nodes activity     | Medium     | User specified less than 25% of internal nodes | Provide missing internal nodes activity with simulation results or by editing the "By Resource Type" views |
| Device models               | High       | Device models are Production                   |                                                                                                            |
|                             |            |                                                |                                                                                                            |
| Overall confidence level    | Medium     |                                                |                                                                                                            |
+-----------------------------+------------+------------------------------------------------+------------------------------------------------------------------------------------------------------------+


2. Settings
-----------

2.1 Environment
---------------

+-----------------------+------------------------+
| Ambient Temp (C)      | 25.0                   |
| ThetaJA (C/W)         | 11.5                   |
| Airflow (LFM)         | 250                    |
| Heat Sink             | none                   |
| ThetaSA (C/W)         | 0.0                    |
| Board Selection       | medium (10"x10")       |
| # of Board Layers     | 8to11 (8 to 11 Layers) |
| Board Temperature (C) | 25.0                   |
+-----------------------+------------------------+


2.2 Clock Constraints
---------------------

+------------+------------------------------------------------------------------+-----------------+
| Clock      | Domain                                                           | Constraint (ns) |
+------------+------------------------------------------------------------------+-----------------+
| clk_fpga_0 | zedboard_base_i/processing_system7_0/inst/FCLK_CLK_unbuffered[0] |            10.0 |
+------------+------------------------------------------------------------------+-----------------+


3. Detailed Reports
-------------------

3.1 By Hierarchy
----------------

+---------------------------------------------------------------------------------------------------+-----------+
| Name                                                                                              | Power (W) |
+---------------------------------------------------------------------------------------------------+-----------+
| zedboard_base_wrapper                                                                             |     1.597 |
|   zedboard_base_i                                                                                 |     1.597 |
|     axi_smc                                                                                       |     0.025 |
|       inst                                                                                        |     0.025 |
|         clk_map                                                                                   |    <0.001 |
|           psr_aclk                                                                                |    <0.001 |
|             U0                                                                                    |    <0.001 |
|               EXT_LPF                                                                             |    <0.001 |
|                 ACTIVE_LOW_AUX.ACT_LO_AUX                                                         |    <0.001 |
|               SEQ                                                                                 |    <0.001 |
|                 SEQ_COUNTER                                                                       |    <0.001 |
|         m00_exit_pipeline                                                                         |     0.005 |
|           m00_exit                                                                                |     0.005 |
|             inst                                                                                  |     0.005 |
|               ar_reg                                                                              |    <0.001 |
|               aw_reg                                                                              |    <0.001 |
|               b_reg                                                                               |    <0.001 |
|               exit_inst                                                                           |    <0.001 |
|                 gen_r_cmd_fifo.r_cmd_fifo                                                         |    <0.001 |
|                   gen_srls[11].srl_nx1                                                            |    <0.001 |
|                   gen_srls[12].srl_nx1                                                            |    <0.001 |
|                   gen_srls[13].srl_nx1                                                            |    <0.001 |
|                   gen_srls[14].srl_nx1                                                            |    <0.001 |
|                   gen_srls[15].srl_nx1                                                            |    <0.001 |
|                   gen_srls[1].srl_nx1                                                             |    <0.001 |
|                   gen_srls[8].srl_nx1                                                             |    <0.001 |
|                 gen_w_cmd_fifo.w_cmd_fifo                                                         |    <0.001 |
|                   gen_srls[1].srl_nx1                                                             |    <0.001 |
|               r_reg                                                                               |    <0.001 |
|               splitter_inst                                                                       |     0.002 |
|                 gen_axi3.axi3_conv_inst                                                           |     0.002 |
|                   USE_READ.USE_SPLIT_R.read_addr_inst                                             |    <0.001 |
|                     USE_R_CHANNEL.cmd_queue                                                       |    <0.001 |
|                       gen_srls[0].srl_nx1                                                         |    <0.001 |
|                   USE_WRITE.USE_SPLIT_W.write_resp_inst                                           |    <0.001 |
|                   USE_WRITE.write_addr_inst                                                       |    <0.001 |
|                     USE_BURSTS.cmd_queue                                                          |    <0.001 |
|                       gen_srls[0].srl_nx1                                                         |    <0.001 |
|                       gen_srls[1].srl_nx1                                                         |    <0.001 |
|                       gen_srls[2].srl_nx1                                                         |    <0.001 |
|                       gen_srls[3].srl_nx1                                                         |    <0.001 |
|                     USE_B_CHANNEL.cmd_b_queue                                                     |    <0.001 |
|                       gen_srls[0].srl_nx1                                                         |    <0.001 |
|                       gen_srls[1].srl_nx1                                                         |    <0.001 |
|                       gen_srls[2].srl_nx1                                                         |    <0.001 |
|                       gen_srls[3].srl_nx1                                                         |    <0.001 |
|                       gen_srls[4].srl_nx1                                                         |    <0.001 |
|                   USE_WRITE.write_data_inst                                                       |    <0.001 |
|               w_reg                                                                               |     0.001 |
|         m00_nodes                                                                                 |     0.006 |
|           m00_ar_node                                                                             |    <0.001 |
|             inst                                                                                  |    <0.001 |
|               inst_mi_handler                                                                     |    <0.001 |
|                 gen_normal_area.gen_node_prog_full.inst_node_prog_full                            |    <0.001 |
|                   gen_xpm_memory_fifo.inst_fifo                                                   |    <0.001 |
|                     gen_mem_rep[0].inst_rd_addrb                                                  |    <0.001 |
|                     gen_mem_rep[0].inst_wr_addra                                                  |    <0.001 |
|                     gen_wr.inst_wr_addra_p1                                                       |    <0.001 |
|                 gen_normal_area.inst_fifo_node_payld                                              |    <0.001 |
|                   gen_xpm_memory_fifo.inst_fifo                                                   |    <0.001 |
|                     gen_mem_rep[0].inst_rd_addrb                                                  |    <0.001 |
|                     gen_mem_rep[0].inst_wr_addra                                                  |    <0.001 |
|                     gen_mem_rep[0].inst_xpm_memory                                                |    <0.001 |
|                       xpm_memory_base_inst                                                        |    <0.001 |
|                         gen_wr_a.gen_word_narrow.mem_reg_0_31_0_5                                 |    <0.001 |
|                         gen_wr_a.gen_word_narrow.mem_reg_0_31_102_107                             |    <0.001 |
|                         gen_wr_a.gen_word_narrow.mem_reg_0_31_108_113                             |    <0.001 |
|                         gen_wr_a.gen_word_narrow.mem_reg_0_31_114_119                             |    <0.001 |
|                         gen_wr_a.gen_word_narrow.mem_reg_0_31_120_125                             |    <0.001 |
|                         gen_wr_a.gen_word_narrow.mem_reg_0_31_126_131                             |    <0.001 |
|                         gen_wr_a.gen_word_narrow.mem_reg_0_31_132_137                             |    <0.001 |
|                         gen_wr_a.gen_word_narrow.mem_reg_0_31_6_11                                |    <0.001 |
|                         gen_wr_a.gen_word_narrow.mem_reg_0_31_84_89                               |    <0.001 |
|                         gen_wr_a.gen_word_narrow.mem_reg_0_31_90_95                               |    <0.001 |
|                         gen_wr_a.gen_word_narrow.mem_reg_0_31_96_101                              |    <0.001 |
|                     gen_wr.inst_wr_addra_p1                                                       |    <0.001 |
|                 inst_ingress                                                                      |    <0.001 |
|                   inst_pipeline_valid                                                             |    <0.001 |
|               inst_si_handler                                                                     |    <0.001 |
|                 gen_si_handler.gen_arbiter_rr_normal_area.inst_arbiter                            |    <0.001 |
|                 gen_si_handler.gen_request_counters.gen_req_counter[1].inst_req_counter           |    <0.001 |
|           m00_aw_node                                                                             |    <0.001 |
|             inst                                                                                  |    <0.001 |
|               inst_mi_handler                                                                     |    <0.001 |
|                 gen_normal_area.gen_node_prog_full.inst_node_prog_full                            |    <0.001 |
|                   gen_xpm_memory_fifo.inst_fifo                                                   |    <0.001 |
|                     gen_mem_rep[0].inst_rd_addrb                                                  |    <0.001 |
|                     gen_mem_rep[0].inst_wr_addra                                                  |    <0.001 |
|                     gen_wr.inst_wr_addra_p1                                                       |    <0.001 |
|                 gen_normal_area.inst_fifo_node_payld                                              |    <0.001 |
|                   gen_xpm_memory_fifo.inst_fifo                                                   |    <0.001 |
|                     gen_mem_rep[0].inst_rd_addrb                                                  |    <0.001 |
|                     gen_mem_rep[0].inst_wr_addra                                                  |    <0.001 |
|                     gen_mem_rep[0].inst_xpm_memory                                                |    <0.001 |
|                       xpm_memory_base_inst                                                        |    <0.001 |
|                         gen_wr_a.gen_word_narrow.mem_reg_0_31_0_5                                 |    <0.001 |
|                         gen_wr_a.gen_word_narrow.mem_reg_0_31_102_107                             |    <0.001 |
|                         gen_wr_a.gen_word_narrow.mem_reg_0_31_108_113                             |    <0.001 |
|                         gen_wr_a.gen_word_narrow.mem_reg_0_31_114_119                             |    <0.001 |
|                         gen_wr_a.gen_word_narrow.mem_reg_0_31_120_125                             |    <0.001 |
|                         gen_wr_a.gen_word_narrow.mem_reg_0_31_126_131                             |    <0.001 |
|                         gen_wr_a.gen_word_narrow.mem_reg_0_31_132_137                             |    <0.001 |
|                         gen_wr_a.gen_word_narrow.mem_reg_0_31_6_11                                |    <0.001 |
|                         gen_wr_a.gen_word_narrow.mem_reg_0_31_90_95                               |    <0.001 |
|                         gen_wr_a.gen_word_narrow.mem_reg_0_31_96_101                              |    <0.001 |
|                     gen_wr.inst_wr_addra_p1                                                       |    <0.001 |
|                 inst_ingress                                                                      |    <0.001 |
|                   inst_pipeline_valid                                                             |    <0.001 |
|               inst_si_handler                                                                     |    <0.001 |
|                 gen_m_axis_arb_fifo.inst_axis_arb_fifo                                            |    <0.001 |
|                   gen_srls[1].srl_nx1                                                             |    <0.001 |
|                 gen_si_handler.gen_arbiter_rr_normal_area.inst_arbiter                            |    <0.001 |
|                 gen_si_handler.gen_request_counters.gen_req_counter[1].inst_req_counter           |    <0.001 |
|           m00_b_node                                                                              |    <0.001 |
|             inst                                                                                  |    <0.001 |
|               inst_mi_handler                                                                     |    <0.001 |
|                 gen_normal_area.gen_fifo_req.inst_fifo_req                                        |    <0.001 |
|                   gen_xpm_memory_fifo.inst_fifo                                                   |    <0.001 |
|                     gen_mem_rep[0].inst_rd_addrb                                                  |    <0.001 |
|                     gen_mem_rep[0].inst_wr_addra                                                  |    <0.001 |
|                     gen_mem_rep[0].inst_xpm_memory                                                |    <0.001 |
|                       xpm_memory_base_inst                                                        |    <0.001 |
|                         gen_wr_a.gen_word_narrow.mem_reg_0_31_0_5                                 |    <0.001 |
|                     gen_wr.inst_wr_addra_p1                                                       |    <0.001 |
|                 gen_normal_area.inst_fifo_node_payld                                              |    <0.001 |
|                   gen_xpm_memory_fifo.inst_fifo                                                   |    <0.001 |
|                     gen_mem_rep[0].inst_rd_addrb                                                  |    <0.001 |
|                     gen_mem_rep[0].inst_wr_addra                                                  |    <0.001 |
|                     gen_wr.inst_wr_addra_p1                                                       |    <0.001 |
|                 gen_normal_area.inst_fifo_send                                                    |    <0.001 |
|               inst_si_handler                                                                     |    <0.001 |
|                 inst_arb_stall_late                                                               |    <0.001 |
|           m00_r_node                                                                              |     0.002 |
|             inst                                                                                  |     0.002 |
|               inst_mi_handler                                                                     |     0.002 |
|                 gen_normal_area.gen_fifo_req.inst_fifo_req                                        |    <0.001 |
|                   gen_xpm_memory_fifo.inst_fifo                                                   |    <0.001 |
|                     gen_mem_rep[0].inst_rd_addrb                                                  |    <0.001 |
|                     gen_mem_rep[0].inst_wr_addra                                                  |    <0.001 |
|                     gen_mem_rep[0].inst_xpm_memory                                                |    <0.001 |
|                       xpm_memory_base_inst                                                        |    <0.001 |
|                         gen_wr_a.gen_word_narrow.mem_reg_0_31_0_5                                 |    <0.001 |
|                     gen_wr.inst_wr_addra_p1                                                       |    <0.001 |
|                 gen_normal_area.inst_fifo_node_payld                                              |     0.001 |
|                   gen_xpm_memory_fifo.inst_fifo                                                   |     0.001 |
|                     gen_mem_rep[0].inst_rd_addrb                                                  |    <0.001 |
|                     gen_mem_rep[0].inst_wr_addra                                                  |    <0.001 |
|                     gen_mem_rep[0].inst_xpm_memory                                                |    <0.001 |
|                       xpm_memory_base_inst                                                        |    <0.001 |
|                         gen_wr_a.gen_word_narrow.mem_reg_0_31_12_17                               |    <0.001 |
|                         gen_wr_a.gen_word_narrow.mem_reg_0_31_18_23                               |    <0.001 |
|                         gen_wr_a.gen_word_narrow.mem_reg_0_31_24_29                               |    <0.001 |
|                         gen_wr_a.gen_word_narrow.mem_reg_0_31_30_35                               |    <0.001 |
|                         gen_wr_a.gen_word_narrow.mem_reg_0_31_36_41                               |    <0.001 |
|                         gen_wr_a.gen_word_narrow.mem_reg_0_31_42_47                               |    <0.001 |
|                         gen_wr_a.gen_word_narrow.mem_reg_0_31_48_53                               |    <0.001 |
|                         gen_wr_a.gen_word_narrow.mem_reg_0_31_54_59                               |    <0.001 |
|                         gen_wr_a.gen_word_narrow.mem_reg_0_31_60_65                               |    <0.001 |
|                         gen_wr_a.gen_word_narrow.mem_reg_0_31_66_71                               |    <0.001 |
|                         gen_wr_a.gen_word_narrow.mem_reg_0_31_72_77                               |    <0.001 |
|                         gen_wr_a.gen_word_narrow.mem_reg_0_31_78_83                               |    <0.001 |
|                     gen_wr.inst_wr_addra_p1                                                       |    <0.001 |
|                 gen_normal_area.inst_fifo_send                                                    |    <0.001 |
|               inst_si_handler                                                                     |    <0.001 |
|                 inst_arb_stall_late                                                               |    <0.001 |
|           m00_w_node                                                                              |     0.002 |
|             inst                                                                                  |     0.002 |
|               inst_mi_handler                                                                     |     0.002 |
|                 gen_normal_area.gen_node_prog_full.inst_node_prog_full                            |    <0.001 |
|                   gen_xpm_memory_fifo.inst_fifo                                                   |    <0.001 |
|                     gen_mem_rep[0].inst_rd_addrb                                                  |    <0.001 |
|                     gen_mem_rep[0].inst_wr_addra                                                  |    <0.001 |
|                     gen_wr.inst_wr_addra_p1                                                       |    <0.001 |
|                 gen_normal_area.inst_fifo_node_payld                                              |     0.001 |
|                   gen_xpm_memory_fifo.inst_fifo                                                   |     0.001 |
|                     gen_mem_rep[0].inst_rd_addrb                                                  |    <0.001 |
|                     gen_mem_rep[0].inst_wr_addra                                                  |    <0.001 |
|                     gen_mem_rep[0].inst_xpm_memory                                                |    <0.001 |
|                       xpm_memory_base_inst                                                        |    <0.001 |
|                         gen_wr_a.gen_word_narrow.mem_reg_0_31_12_17                               |    <0.001 |
|                         gen_wr_a.gen_word_narrow.mem_reg_0_31_18_23                               |    <0.001 |
|                         gen_wr_a.gen_word_narrow.mem_reg_0_31_24_29                               |    <0.001 |
|                         gen_wr_a.gen_word_narrow.mem_reg_0_31_30_35                               |    <0.001 |
|                         gen_wr_a.gen_word_narrow.mem_reg_0_31_36_41                               |    <0.001 |
|                         gen_wr_a.gen_word_narrow.mem_reg_0_31_42_47                               |    <0.001 |
|                         gen_wr_a.gen_word_narrow.mem_reg_0_31_48_53                               |    <0.001 |
|                         gen_wr_a.gen_word_narrow.mem_reg_0_31_54_59                               |    <0.001 |
|                         gen_wr_a.gen_word_narrow.mem_reg_0_31_60_65                               |    <0.001 |
|                         gen_wr_a.gen_word_narrow.mem_reg_0_31_66_71                               |    <0.001 |
|                         gen_wr_a.gen_word_narrow.mem_reg_0_31_72_77                               |    <0.001 |
|                         gen_wr_a.gen_word_narrow.mem_reg_0_31_78_83                               |    <0.001 |
|                         gen_wr_a.gen_word_narrow.mem_reg_0_31_84_89                               |    <0.001 |
|                     gen_wr.inst_wr_addra_p1                                                       |    <0.001 |
|                 inst_ingress                                                                      |    <0.001 |
|                   inst_pipeline_valid                                                             |    <0.001 |
|               inst_si_handler                                                                     |    <0.001 |
|                 gen_si_handler.gen_axis_packet_slave_normal_area.inst_allow_transfer_late         |    <0.001 |
|                 gen_si_handler.gen_request_fifos.gen_req_fifo[1].inst_req_fifo                    |    <0.001 |
|                   gen_xpm_memory_fifo.inst_fifo                                                   |    <0.001 |
|                     gen_mem_rep[0].inst_rd_addrb                                                  |    <0.001 |
|                     gen_mem_rep[0].inst_wr_addra                                                  |    <0.001 |
|                     gen_mem_rep[0].inst_xpm_memory                                                |    <0.001 |
|                       xpm_memory_base_inst                                                        |    <0.001 |
|                         gen_wr_a.gen_word_narrow.mem_reg_0_3_0_0                                  |    <0.001 |
|                     gen_wr.inst_wr_addra_p1                                                       |    <0.001 |
|         s01_entry_pipeline                                                                        |     0.006 |
|           s01_mmu                                                                                 |     0.006 |
|             inst                                                                                  |     0.006 |
|               ar_reg_stall                                                                        |    <0.001 |
|               ar_sreg                                                                             |    <0.001 |
|               aw_reg_stall                                                                        |    <0.001 |
|               aw_sreg                                                                             |    <0.001 |
|               b_sreg                                                                              |    <0.001 |
|               gen_endpoint.decerr_slave_inst                                                      |    <0.001 |
|               r_sreg                                                                              |     0.002 |
|               w_sreg                                                                              |     0.001 |
|           s01_si_converter                                                                        |    <0.001 |
|             inst                                                                                  |    <0.001 |
|               splitter_inst                                                                       |    <0.001 |
|                 gen_no_wsplitter.gen_endpoint_woffset.gen_wbypass_offset_fifo.wbypass_offset_fifo |    <0.001 |
|                   gen_srls[0].srl_nx1                                                             |    <0.001 |
|                   gen_srls[13].srl_nx1                                                            |    <0.001 |
|                   gen_srls[4].srl_nx1                                                             |    <0.001 |
|                   gen_srls[5].srl_nx1                                                             |    <0.001 |
|                   gen_srls[6].srl_nx1                                                             |    <0.001 |
|         s01_nodes                                                                                 |     0.007 |
|           s01_ar_node                                                                             |     0.001 |
|             inst                                                                                  |     0.001 |
|               inst_mi_handler                                                                     |     0.001 |
|                 gen_normal_area.gen_fifo_req.inst_fifo_req                                        |    <0.001 |
|                   gen_xpm_memory_fifo.inst_fifo                                                   |    <0.001 |
|                     gen_mem_rep[0].inst_rd_addrb                                                  |    <0.001 |
|                     gen_mem_rep[0].inst_wr_addra                                                  |    <0.001 |
|                     gen_wr.inst_wr_addra_p1                                                       |    <0.001 |
|                 gen_normal_area.inst_fifo_node_payld                                              |    <0.001 |
|                   gen_xpm_memory_fifo.inst_fifo                                                   |    <0.001 |
|                     gen_mem_rep[0].inst_rd_addrb                                                  |    <0.001 |
|                     gen_mem_rep[0].inst_wr_addra                                                  |    <0.001 |
|                     gen_mem_rep[0].inst_xpm_memory                                                |    <0.001 |
|                       xpm_memory_base_inst                                                        |    <0.001 |
|                         gen_wr_a.gen_word_narrow.mem_reg_0_31_0_5                                 |    <0.001 |
|                         gen_wr_a.gen_word_narrow.mem_reg_0_31_102_107                             |    <0.001 |
|                         gen_wr_a.gen_word_narrow.mem_reg_0_31_108_113                             |    <0.001 |
|                         gen_wr_a.gen_word_narrow.mem_reg_0_31_114_119                             |    <0.001 |
|                         gen_wr_a.gen_word_narrow.mem_reg_0_31_120_125                             |    <0.001 |
|                         gen_wr_a.gen_word_narrow.mem_reg_0_31_126_131                             |    <0.001 |
|                         gen_wr_a.gen_word_narrow.mem_reg_0_31_132_137                             |    <0.001 |
|                         gen_wr_a.gen_word_narrow.mem_reg_0_31_6_11                                |    <0.001 |
|                         gen_wr_a.gen_word_narrow.mem_reg_0_31_84_89                               |    <0.001 |
|                         gen_wr_a.gen_word_narrow.mem_reg_0_31_90_95                               |    <0.001 |
|                         gen_wr_a.gen_word_narrow.mem_reg_0_31_96_101                              |    <0.001 |
|                     gen_wr.inst_wr_addra_p1                                                       |    <0.001 |
|                 gen_normal_area.inst_fifo_send                                                    |    <0.001 |
|               inst_si_handler                                                                     |    <0.001 |
|                 inst_arb_stall_late                                                               |    <0.001 |
|           s01_aw_node                                                                             |    <0.001 |
|             inst                                                                                  |    <0.001 |
|               inst_mi_handler                                                                     |    <0.001 |
|                 gen_normal_area.gen_fifo_req.inst_fifo_req                                        |    <0.001 |
|                   gen_xpm_memory_fifo.inst_fifo                                                   |    <0.001 |
|                     gen_mem_rep[0].inst_rd_addrb                                                  |    <0.001 |
|                     gen_mem_rep[0].inst_wr_addra                                                  |    <0.001 |
|                     gen_wr.inst_wr_addra_p1                                                       |    <0.001 |
|                 gen_normal_area.inst_fifo_node_payld                                              |    <0.001 |
|                   gen_xpm_memory_fifo.inst_fifo                                                   |    <0.001 |
|                     gen_mem_rep[0].inst_rd_addrb                                                  |    <0.001 |
|                     gen_mem_rep[0].inst_wr_addra                                                  |    <0.001 |
|                     gen_mem_rep[0].inst_xpm_memory                                                |    <0.001 |
|                       xpm_memory_base_inst                                                        |    <0.001 |
|                         gen_wr_a.gen_word_narrow.mem_reg_0_31_0_5                                 |    <0.001 |
|                         gen_wr_a.gen_word_narrow.mem_reg_0_31_102_107                             |    <0.001 |
|                         gen_wr_a.gen_word_narrow.mem_reg_0_31_108_113                             |    <0.001 |
|                         gen_wr_a.gen_word_narrow.mem_reg_0_31_114_119                             |    <0.001 |
|                         gen_wr_a.gen_word_narrow.mem_reg_0_31_120_125                             |    <0.001 |
|                         gen_wr_a.gen_word_narrow.mem_reg_0_31_126_131                             |    <0.001 |
|                         gen_wr_a.gen_word_narrow.mem_reg_0_31_132_137                             |    <0.001 |
|                         gen_wr_a.gen_word_narrow.mem_reg_0_31_6_11                                |    <0.001 |
|                         gen_wr_a.gen_word_narrow.mem_reg_0_31_90_95                               |    <0.001 |
|                         gen_wr_a.gen_word_narrow.mem_reg_0_31_96_101                              |    <0.001 |
|                     gen_wr.inst_wr_addra_p1                                                       |    <0.001 |
|                 gen_normal_area.inst_fifo_send                                                    |    <0.001 |
|               inst_si_handler                                                                     |    <0.001 |
|                 inst_arb_stall_late                                                               |    <0.001 |
|           s01_b_node                                                                              |    <0.001 |
|             inst                                                                                  |    <0.001 |
|               inst_mi_handler                                                                     |    <0.001 |
|                 gen_normal_area.gen_node_prog_full.inst_node_prog_full                            |    <0.001 |
|                   gen_xpm_memory_fifo.inst_fifo                                                   |    <0.001 |
|                     gen_mem_rep[0].inst_rd_addrb                                                  |    <0.001 |
|                     gen_mem_rep[0].inst_wr_addra                                                  |    <0.001 |
|                     gen_wr.inst_wr_addra_p1                                                       |    <0.001 |
|                 gen_normal_area.inst_fifo_node_payld                                              |    <0.001 |
|                   gen_xpm_memory_fifo.inst_fifo                                                   |    <0.001 |
|                     gen_mem_rep[0].inst_rd_addrb                                                  |    <0.001 |
|                     gen_mem_rep[0].inst_wr_addra                                                  |    <0.001 |
|                     gen_wr.inst_wr_addra_p1                                                       |    <0.001 |
|                 inst_ingress                                                                      |    <0.001 |
|                   inst_pipeline_valid                                                             |    <0.001 |
|               inst_si_handler                                                                     |    <0.001 |
|                 inst_arb_stall_late                                                               |    <0.001 |
|           s01_r_node                                                                              |     0.003 |
|             inst                                                                                  |     0.003 |
|               inst_mi_handler                                                                     |     0.002 |
|                 gen_normal_area.gen_node_prog_full.inst_node_prog_full                            |    <0.001 |
|                   gen_xpm_memory_fifo.inst_fifo                                                   |    <0.001 |
|                     gen_mem_rep[0].inst_rd_addrb                                                  |    <0.001 |
|                     gen_mem_rep[0].inst_wr_addra                                                  |    <0.001 |
|                     gen_wr.inst_wr_addra_p1                                                       |    <0.001 |
|                 gen_normal_area.inst_fifo_node_payld                                              |     0.002 |
|                   gen_xpm_memory_fifo.inst_fifo                                                   |     0.002 |
|                     gen_mem_rep[0].inst_rd_addrb                                                  |    <0.001 |
|                     gen_mem_rep[0].inst_wr_addra                                                  |    <0.001 |
|                     gen_mem_rep[0].inst_xpm_memory                                                |    <0.001 |
|                       xpm_memory_base_inst                                                        |    <0.001 |
|                         gen_wr_a.gen_word_narrow.mem_reg_0_31_12_17                               |    <0.001 |
|                         gen_wr_a.gen_word_narrow.mem_reg_0_31_18_23                               |    <0.001 |
|                         gen_wr_a.gen_word_narrow.mem_reg_0_31_24_29                               |    <0.001 |
|                         gen_wr_a.gen_word_narrow.mem_reg_0_31_30_35                               |    <0.001 |
|                         gen_wr_a.gen_word_narrow.mem_reg_0_31_36_41                               |    <0.001 |
|                         gen_wr_a.gen_word_narrow.mem_reg_0_31_42_47                               |    <0.001 |
|                         gen_wr_a.gen_word_narrow.mem_reg_0_31_48_53                               |    <0.001 |
|                         gen_wr_a.gen_word_narrow.mem_reg_0_31_54_59                               |    <0.001 |
|                         gen_wr_a.gen_word_narrow.mem_reg_0_31_60_65                               |    <0.001 |
|                         gen_wr_a.gen_word_narrow.mem_reg_0_31_66_71                               |    <0.001 |
|                         gen_wr_a.gen_word_narrow.mem_reg_0_31_72_77                               |    <0.001 |
|                         gen_wr_a.gen_word_narrow.mem_reg_0_31_78_83                               |    <0.001 |
|                     gen_wr.inst_wr_addra_p1                                                       |    <0.001 |
|                 inst_ingress                                                                      |    <0.001 |
|                   inst_pipeline_valid                                                             |    <0.001 |
|               inst_si_handler                                                                     |    <0.001 |
|                 inst_arb_stall_late                                                               |    <0.001 |
|           s01_w_node                                                                              |     0.001 |
|             inst                                                                                  |     0.001 |
|               inst_mi_handler                                                                     |     0.001 |
|                 gen_normal_area.gen_fifo_req.inst_fifo_req                                        |    <0.001 |
|                   gen_xpm_memory_fifo.inst_fifo                                                   |    <0.001 |
|                     gen_mem_rep[0].inst_rd_addrb                                                  |    <0.001 |
|                     gen_mem_rep[0].inst_wr_addra                                                  |    <0.001 |
|                     gen_mem_rep[0].inst_xpm_memory                                                |    <0.001 |
|                       xpm_memory_base_inst                                                        |    <0.001 |
|                         gen_wr_a.gen_word_narrow.mem_reg_0_31_0_5                                 |    <0.001 |
|                     gen_wr.inst_wr_addra_p1                                                       |    <0.001 |
|                 gen_normal_area.inst_fifo_node_payld                                              |    <0.001 |
|                   gen_xpm_memory_fifo.inst_fifo                                                   |    <0.001 |
|                     gen_mem_rep[0].inst_rd_addrb                                                  |    <0.001 |
|                     gen_mem_rep[0].inst_wr_addra                                                  |    <0.001 |
|                     gen_mem_rep[0].inst_xpm_memory                                                |    <0.001 |
|                       xpm_memory_base_inst                                                        |    <0.001 |
|                         gen_wr_a.gen_word_narrow.mem_reg_0_31_12_17                               |    <0.001 |
|                         gen_wr_a.gen_word_narrow.mem_reg_0_31_18_23                               |    <0.001 |
|                         gen_wr_a.gen_word_narrow.mem_reg_0_31_24_29                               |    <0.001 |
|                         gen_wr_a.gen_word_narrow.mem_reg_0_31_30_35                               |    <0.001 |
|                         gen_wr_a.gen_word_narrow.mem_reg_0_31_36_41                               |    <0.001 |
|                         gen_wr_a.gen_word_narrow.mem_reg_0_31_42_47                               |    <0.001 |
|                         gen_wr_a.gen_word_narrow.mem_reg_0_31_48_53                               |    <0.001 |
|                         gen_wr_a.gen_word_narrow.mem_reg_0_31_54_59                               |    <0.001 |
|                         gen_wr_a.gen_word_narrow.mem_reg_0_31_60_65                               |    <0.001 |
|                         gen_wr_a.gen_word_narrow.mem_reg_0_31_66_71                               |    <0.001 |
|                         gen_wr_a.gen_word_narrow.mem_reg_0_31_72_77                               |    <0.001 |
|                         gen_wr_a.gen_word_narrow.mem_reg_0_31_78_83                               |    <0.001 |
|                         gen_wr_a.gen_word_narrow.mem_reg_0_31_84_87                               |    <0.001 |
|                     gen_wr.inst_wr_addra_p1                                                       |    <0.001 |
|                 gen_normal_area.inst_fifo_send                                                    |    <0.001 |
|               inst_si_handler                                                                     |    <0.001 |
|                 inst_arb_stall_late                                                               |    <0.001 |
|         switchboards                                                                              |     0.001 |
|           ar_switchboard                                                                          |    <0.001 |
|             inst                                                                                  |    <0.001 |
|               gen_mi[0].inst_opipe_payld                                                          |    <0.001 |
|           aw_switchboard                                                                          |    <0.001 |
|             inst                                                                                  |    <0.001 |
|               gen_mi[0].inst_opipe_payld                                                          |    <0.001 |
|           r_switchboard                                                                           |    <0.001 |
|             inst                                                                                  |    <0.001 |
|               gen_mi[1].inst_opipe_payld                                                          |    <0.001 |
|           w_switchboard                                                                           |    <0.001 |
|             inst                                                                                  |    <0.001 |
|               gen_mi[0].inst_opipe_payld                                                          |    <0.001 |
|     axi_timer_0                                                                                   |     0.003 |
|       U0                                                                                          |     0.003 |
|         AXI4_LITE_I                                                                               |    <0.001 |
|           I_SLAVE_ATTACHMENT                                                                      |    <0.001 |
|             I_DECODER                                                                             |    <0.001 |
|               MEM_DECODE_GEN[0].PER_CE_GEN[0].MULTIPLE_CES_THIS_CS_GEN.CE_I                       |    <0.001 |
|               MEM_DECODE_GEN[0].PER_CE_GEN[2].MULTIPLE_CES_THIS_CS_GEN.CE_I                       |    <0.001 |
|               MEM_DECODE_GEN[0].PER_CE_GEN[4].MULTIPLE_CES_THIS_CS_GEN.CE_I                       |    <0.001 |
|               MEM_DECODE_GEN[0].PER_CE_GEN[5].MULTIPLE_CES_THIS_CS_GEN.CE_I                       |    <0.001 |
|               MEM_DECODE_GEN[0].PER_CE_GEN[6].MULTIPLE_CES_THIS_CS_GEN.CE_I                       |    <0.001 |
|               MEM_DECODE_GEN[0].PER_CE_GEN[7].MULTIPLE_CES_THIS_CS_GEN.CE_I                       |    <0.001 |
|         TC_CORE_I                                                                                 |     0.002 |
|           COUNTER_0_I                                                                             |     0.001 |
|             COUNTER_I                                                                             |    <0.001 |
|           GEN_SECOND_TIMER.COUNTER_1_I                                                            |    <0.001 |
|             COUNTER_I                                                                             |    <0.001 |
|           READ_MUX_I                                                                              |    <0.001 |
|           TIMER_CONTROL_I                                                                         |    <0.001 |
|             INPUT_DOUBLE_REGS                                                                     |    <0.001 |
|             INPUT_DOUBLE_REGS2                                                                    |    <0.001 |
|             INPUT_DOUBLE_REGS3                                                                    |    <0.001 |
|     ddr_hls_test_0                                                                                |     0.030 |
|       inst                                                                                        |     0.030 |
|         addr_bram_U                                                                               |     0.011 |
|           ddr_hls_test_addrbkb_rom_U                                                              |     0.011 |
|         ddr_hls_test_BUS_A_s_axi_U                                                                |    <0.001 |
|         ddr_hls_test_gmem_m_axi_U                                                                 |     0.016 |
|           bus_read                                                                                |     0.008 |
|             buff_rdata                                                                            |     0.006 |
|             fifo_rctl                                                                             |    <0.001 |
|             fifo_rreq                                                                             |    <0.001 |
|             rs_rdata                                                                              |    <0.001 |
|             rs_rreq                                                                               |    <0.001 |
|           bus_write                                                                               |     0.008 |
|             buff_wdata                                                                            |     0.006 |
|             bus_equal_gen.fifo_burst                                                              |    <0.001 |
|             fifo_resp                                                                             |    <0.001 |
|             fifo_resp_to_user                                                                     |    <0.001 |
|             fifo_wreq                                                                             |    <0.001 |
|             rs_wreq                                                                               |    <0.001 |
|           wreq_throttl                                                                            |    <0.001 |
|     processing_system7_0                                                                          |     1.534 |
|       inst                                                                                        |     1.534 |
|     ps7_0_axi_periph                                                                              |     0.005 |
|       s00_couplers                                                                                |     0.004 |
|         auto_pc                                                                                   |     0.004 |
|           inst                                                                                    |     0.004 |
|             gen_axilite.gen_b2s_conv.axilite_b2s                                                  |     0.004 |
|               RD.ar_channel_0                                                                     |    <0.001 |
|                 ar_cmd_fsm_0                                                                      |    <0.001 |
|                 cmd_translator_0                                                                  |    <0.001 |
|                   incr_cmd_0                                                                      |    <0.001 |
|                   wrap_cmd_0                                                                      |    <0.001 |
|               RD.r_channel_0                                                                      |    <0.001 |
|                 rd_data_fifo_0                                                                    |    <0.001 |
|                 transaction_fifo_0                                                                |    <0.001 |
|               SI_REG                                                                              |     0.001 |
|                 ar.ar_pipe                                                                        |    <0.001 |
|                 aw.aw_pipe                                                                        |    <0.001 |
|                 b.b_pipe                                                                          |    <0.001 |
|                 r.r_pipe                                                                          |    <0.001 |
|               WR.aw_channel_0                                                                     |    <0.001 |
|                 aw_cmd_fsm_0                                                                      |    <0.001 |
|                 cmd_translator_0                                                                  |    <0.001 |
|                   incr_cmd_0                                                                      |    <0.001 |
|                   wrap_cmd_0                                                                      |    <0.001 |
|               WR.b_channel_0                                                                      |    <0.001 |
|                 bid_fifo_0                                                                        |    <0.001 |
|                 bresp_fifo_0                                                                      |    <0.001 |
|       xbar                                                                                        |    <0.001 |
|         inst                                                                                      |    <0.001 |
|           gen_sasd.crossbar_sasd_0                                                                |    <0.001 |
|             addr_arbiter_inst                                                                     |    <0.001 |
|             gen_decerr.decerr_slave_inst                                                          |    <0.001 |
|             reg_slice_r                                                                           |    <0.001 |
|             splitter_ar                                                                           |    <0.001 |
|             splitter_aw                                                                           |    <0.001 |
|     rst_ps7_0_100M                                                                                |    <0.001 |
|       U0                                                                                          |    <0.001 |
|         EXT_LPF                                                                                   |    <0.001 |
|           ACTIVE_LOW_AUX.ACT_LO_AUX                                                               |    <0.001 |
|           ACTIVE_LOW_EXT.ACT_LO_EXT                                                               |    <0.001 |
|         SEQ                                                                                       |    <0.001 |
|           SEQ_COUNTER                                                                             |    <0.001 |
+---------------------------------------------------------------------------------------------------+-----------+


