#-----------------------------------------------------------
# Webtalk v2018.2 (64-bit)
# SW Build 2258646 on Thu Jun 14 20:02:38 MDT 2018
# 
# Start of session at: Wed Aug 15 03:52:39 2018
# Process ID: 10405
# Current directory: /home/tingyuan/Documents/zedboard-base-master/Vivado/zedboard_base/zedboard_base.sdk/webtalk
# Command line: wbtcv -mode batch -source sdk_webtalk.tcl
# Log file: /home/tingyuan/Documents/zedboard-base-master/Vivado/zedboard_base/zedboard_base.sdk/webtalk/webtalk.log
# Journal file: /home/tingyuan/Documents/zedboard-base-master/Vivado/zedboard_base/zedboard_base.sdk/webtalk/webtalk.jou
#-----------------------------------------------------------
source sdk_webtalk.tcl
# webtalk_init -webtalk_dir /home/tingyuan/Documents/zedboard-base-master/Vivado/zedboard_base/zedboard_base.sdk/webtalk
# webtalk_register_client -client project
# webtalk_add_data -client project -key date_generated -value "2018-08-15 03:52:38" -context "software_version_and_target_device"
# webtalk_add_data -client project -key product_version -value "SDK v2018.2" -context "software_version_and_target_device"
# webtalk_add_data -client project -key build_version -value "2018.2" -context "software_version_and_target_device"
# webtalk_add_data -client project -key os_platform -value "amd64" -context "software_version_and_target_device"
# webtalk_add_data -client project -key registration_id -value "210387038_174145948_210294029_823" -context "software_version_and_target_device"
# webtalk_add_data -client project -key tool_flow -value "SDK" -context "software_version_and_target_device"
# webtalk_add_data -client project -key beta -value "false" -context "software_version_and_target_device"
# webtalk_add_data -client project -key route_design -value "NA" -context "software_version_and_target_device"
# webtalk_add_data -client project -key target_family -value "NA" -context "software_version_and_target_device"
# webtalk_add_data -client project -key target_device -value "NA" -context "software_version_and_target_device"
# webtalk_add_data -client project -key target_package -value "NA" -context "software_version_and_target_device"
# webtalk_add_data -client project -key target_speed -value "NA" -context "software_version_and_target_device"
# webtalk_add_data -client project -key random_id -value "9bbhct9hrt4j6u7bitf0t453bl" -context "software_version_and_target_device"
# webtalk_add_data -client project -key project_id -value "2018.2_3" -context "software_version_and_target_device"
# webtalk_add_data -client project -key project_iteration -value "3" -context "software_version_and_target_device"
# webtalk_add_data -client project -key os_name -value "Ubuntu" -context "user_environment"
# webtalk_add_data -client project -key os_release -value "Ubuntu 18.04 LTS" -context "user_environment"
# webtalk_add_data -client project -key cpu_name -value "Intel(R) Core(TM) i5-3470 CPU @ 3.20GHz" -context "user_environment"
# webtalk_add_data -client project -key cpu_speed -value "3528.827 MHz" -context "user_environment"
# webtalk_add_data -client project -key total_processors -value "1" -context "user_environment"
# webtalk_add_data -client project -key system_ram -value "25.228 GB" -context "user_environment"
# webtalk_register_client -client sdk
# webtalk_add_data -client sdk -key uid -value "1534273811000" -context "sdk\\\\bsp/1534273811000"
# webtalk_add_data -client sdk -key hwid -value "1534239649000" -context "sdk\\\\bsp/1534273811000"
# webtalk_add_data -client sdk -key os -value "standalone" -context "sdk\\\\bsp/1534273811000"
# webtalk_add_data -client sdk -key apptemplate -value "hello_world" -context "sdk\\\\bsp/1534273811000"
# webtalk_add_data -client sdk -key RecordType -value "BSPCreation" -context "sdk\\\\bsp/1534273811000"
# webtalk_add_data -client sdk -key uid -value "1534273813000" -context "sdk\\\\application/1534273813000"
# webtalk_add_data -client sdk -key hwid -value "1534239649000" -context "sdk\\\\application/1534273813000"
# webtalk_add_data -client sdk -key bspid -value "1534273811000" -context "sdk\\\\application/1534273813000"
# webtalk_add_data -client sdk -key newbsp -value "true" -context "sdk\\\\application/1534273813000"
# webtalk_add_data -client sdk -key os -value "standalone" -context "sdk\\\\application/1534273813000"
# webtalk_add_data -client sdk -key apptemplate -value "hello_world" -context "sdk\\\\application/1534273813000"
# webtalk_add_data -client sdk -key RecordType -value "APPCreation" -context "sdk\\\\application/1534273813000"
# webtalk_add_data -client sdk -key LangUsed -value "C" -context "sdk\\\\application/1534273813000"
# webtalk_add_data -client sdk -key Procused -value "ps7_cortexa9" -context "sdk\\\\application/1534273813000"
# webtalk_add_data -client sdk -key projSize -value "373.0703125" -context "sdk\\\\application/1534273813000"
# webtalk_add_data -client sdk -key uid -value "NA" -context "sdk\\\\bsp/1534276358668"
# webtalk_add_data -client sdk -key RecordType -value "ToolUsage" -context "sdk\\\\bsp/1534276358668"
# webtalk_add_data -client sdk -key BootgenCount -value "0" -context "sdk\\\\bsp/1534276358668"
# webtalk_add_data -client sdk -key DebugCount -value "9" -context "sdk\\\\bsp/1534276358668"
# webtalk_add_data -client sdk -key PerfCount -value "0" -context "sdk\\\\bsp/1534276358668"
# webtalk_add_data -client sdk -key FlashCount -value "0" -context "sdk\\\\bsp/1534276358668"
# webtalk_add_data -client sdk -key CrossTriggCount -value "0" -context "sdk\\\\bsp/1534276358668"
# webtalk_add_data -client sdk -key QemuDebugCount -value "0" -context "sdk\\\\bsp/1534276358668"
# webtalk_transmit -clientid 314993737 -regid "210387038_174145948_210294029_823" -xml /home/tingyuan/Documents/zedboard-base-master/Vivado/zedboard_base/zedboard_base.sdk/webtalk/usage_statistics_ext_sdk.xml -html /home/tingyuan/Documents/zedboard-base-master/Vivado/zedboard_base/zedboard_base.sdk/webtalk/usage_statistics_ext_sdk.html -wdm /home/tingyuan/Documents/zedboard-base-master/Vivado/zedboard_base/zedboard_base.sdk/webtalk/sdk_webtalk.wdm -intro "<H3>SDK Usage Report</H3><BR>"
# webtalk_terminate
INFO: [Common 17-206] Exiting Webtalk at Wed Aug 15 03:52:39 2018...
